  main.cpp
c:\users\hosun\documents\visual studio 2015\projects\opencv\opencv\rover.h(28): warning C4244: 'initializing': conversion from 'double' to 'int', possible loss of data
c:\users\hosun\documents\visual studio 2015\projects\opencv\opencv\rover.h(212): warning C4474: 'sprintf_s' : too many arguments passed for format string
  c:\users\hosun\documents\visual studio 2015\projects\opencv\opencv\rover.h(212): note: placeholders and their parameters expect 0 variadic arguments, but 1 were provided
c:\users\hosun\documents\visual studio 2015\projects\opencv\opencv\rover.h(213): warning C4474: 'sprintf_s' : too many arguments passed for format string
  c:\users\hosun\documents\visual studio 2015\projects\opencv\opencv\rover.h(213): note: placeholders and their parameters expect 0 variadic arguments, but 1 were provided
c:\users\hosun\documents\visual studio 2015\projects\opencv\opencv\rover.h(214): warning C4474: 'sprintf_s' : too many arguments passed for format string
  c:\users\hosun\documents\visual studio 2015\projects\opencv\opencv\rover.h(214): note: placeholders and their parameters expect 0 variadic arguments, but 1 were provided
c:\users\hosun\documents\visual studio 2015\projects\opencv\opencv\rover.h(215): warning C4474: 'sprintf_s' : too many arguments passed for format string
  c:\users\hosun\documents\visual studio 2015\projects\opencv\opencv\rover.h(215): note: placeholders and their parameters expect 0 variadic arguments, but 1 were provided
c:\users\hosun\documents\visual studio 2015\projects\opencv\opencv\rover.h(216): warning C4474: 'sprintf_s' : too many arguments passed for format string
  c:\users\hosun\documents\visual studio 2015\projects\opencv\opencv\rover.h(216): note: placeholders and their parameters expect 0 variadic arguments, but 1 were provided
c:\users\hosun\documents\visual studio 2015\projects\opencv\opencv\rover.h(217): warning C4474: 'sprintf_s' : too many arguments passed for format string
  c:\users\hosun\documents\visual studio 2015\projects\opencv\opencv\rover.h(217): note: placeholders and their parameters expect 0 variadic arguments, but 1 were provided
c:\users\hosun\documents\visual studio 2015\projects\opencv\opencv\rover.h(291): warning C4244: '=': conversion from 'double' to 'int', possible loss of data
c:\users\hosun\documents\visual studio 2015\projects\opencv\opencv\rover.h(292): warning C4244: '=': conversion from 'double' to 'int', possible loss of data
main.cpp(71): warning C4018: '<': signed/unsigned mismatch
main.cpp(80): warning C4018: '<': signed/unsigned mismatch
main.cpp(93): warning C4018: '<': signed/unsigned mismatch
main.cpp(94): warning C4244: '=': conversion from 'float' to 'int', possible loss of data
main.cpp(110): warning C4018: '<': signed/unsigned mismatch
main.cpp(134): warning C4244: 'initializing': conversion from 'double' to 'int', possible loss of data
  Generating code
  1 of 571 functions ( 0.2%) were compiled, the rest were copied from previous compilation.
    0 functions were new in current compilation
    0 functions had inline decision re-evaluated but remain unchanged
  Finished generating code
  opencv.vcxproj -> C:\Users\hosun\Documents\Visual Studio 2015\Projects\opencv\Release\opencv.exe
  opencv.vcxproj -> C:\Users\hosun\Documents\Visual Studio 2015\Projects\opencv\Release\opencv.pdb (Full PDB)
